[2024-09-02 13:55:23.141]  INFO 13292 --- [  restartedMain] c.l.p.PrivacyCenterApplication           : Starting PrivacyCenterApplication using Java 17.0.2 with PID 13292 (D:\stsworkspace\privacy-center\bin\main started by 83474 in D:\stsworkspace\privacy-center)
[2024-09-02 13:55:23.180]  INFO 13292 --- [  restartedMain] c.l.p.PrivacyCenterApplication           : The following 1 profile is active: "local"
[2024-09-02 13:55:23.339]  INFO 13292 --- [  restartedMain] .e.DevToolsPropertyDefaultsPostProcessor : Devtools property defaults active! Set 'spring.devtools.add-properties' to 'false' to disable
[2024-09-02 13:55:23.340]  INFO 13292 --- [  restartedMain] .e.DevToolsPropertyDefaultsPostProcessor : For additional web related logging consider setting the 'logging.level.web' property to 'DEBUG'
[2024-09-02 13:55:25.857]  INFO 13292 --- [  restartedMain] .s.d.r.c.RepositoryConfigurationDelegate : Bootstrapping Spring Data JPA repositories in DEFAULT mode.
[2024-09-02 13:55:26.066]  INFO 13292 --- [  restartedMain] .s.d.r.c.RepositoryConfigurationDelegate : Finished Spring Data repository scanning in 172 ms. Found 1 JPA repository interface.
[2024-09-02 13:55:27.036]  WARN 13292 --- [  restartedMain] trationDelegate$BeanPostProcessorChecker : Bean 'org.springframework.ws.config.annotation.DelegatingWsConfiguration' of type [org.springframework.ws.config.annotation.DelegatingWsConfiguration$$SpringCGLIB$$0] is not eligible for getting processed by all BeanPostProcessors (for example: not eligible for auto-proxying). The currently created BeanPostProcessor [annotationActionEndpointMapping] is declared through a non-static factory method on that class; consider declaring it as static instead.
[2024-09-02 13:55:27.171]  INFO 13292 --- [  restartedMain] .w.s.a.s.AnnotationActionEndpointMapping : Supporting [WS-Addressing August 2004, WS-Addressing 1.0]
[2024-09-02 13:55:28.019]  INFO 13292 --- [  restartedMain] o.s.b.w.e.t.TomcatWebServer              : Tomcat initialized with port 8080 (http)
[2024-09-02 13:55:28.060]  INFO 13292 --- [  restartedMain] o.a.c.h.Http11NioProtocol                : Initializing ProtocolHandler ["http-nio-8080"]
[2024-09-02 13:55:28.067]  INFO 13292 --- [  restartedMain] o.a.c.c.StandardService                  : Starting service [Tomcat]
[2024-09-02 13:55:28.068]  INFO 13292 --- [  restartedMain] o.a.c.c.StandardEngine                   : Starting Servlet engine: [Apache Tomcat/10.1.18]
[2024-09-02 13:55:28.243]  INFO 13292 --- [  restartedMain] o.a.c.c.C.[.[.[/]                        : Initializing Spring embedded WebApplicationContext
[2024-09-02 13:55:28.245]  INFO 13292 --- [  restartedMain] w.s.c.ServletWebServerApplicationContext : Root WebApplicationContext: initialization completed in 4901 ms
[2024-09-02 13:55:28.735]  INFO 13292 --- [  restartedMain] o.h.j.i.u.LogHelper                      : HHH000204: Processing PersistenceUnitInfo [name: default]
[2024-09-02 13:55:28.994]  INFO 13292 --- [  restartedMain] o.h.Version                              : HHH000412: Hibernate ORM core version 6.4.1.Final
[2024-09-02 13:55:29.169]  INFO 13292 --- [  restartedMain] o.h.c.i.RegionFactoryInitiator           : HHH000026: Second-level cache disabled
[2024-09-02 13:55:30.213]  INFO 13292 --- [  restartedMain] o.s.o.j.p.SpringPersistenceUnitInfo      : No LoadTimeWeaver setup: ignoring JPA class transformer
[2024-09-02 13:55:30.340]  INFO 13292 --- [  restartedMain] c.z.h.HikariDataSource                   : HikariPool-1 - Starting...
[2024-09-02 13:55:30.708]  INFO 13292 --- [  restartedMain] c.z.h.p.HikariPool                       : HikariPool-1 - Added connection org.postgresql.jdbc.PgConnection@47b5a3df
[2024-09-02 13:55:30.717]  INFO 13292 --- [  restartedMain] c.z.h.HikariDataSource                   : HikariPool-1 - Start completed.
[2024-09-02 13:55:30.853]  WARN 13292 --- [  restartedMain] o.h.o.deprecation                        : HHH90000025: PostgreSQLDialect does not need to be specified explicitly using 'hibernate.dialect' (remove the property setting and it will be selected by default)
[2024-09-02 13:55:33.853]  INFO 13292 --- [  restartedMain] o.h.e.t.j.p.i.JtaPlatformInitiator       : HHH000489: No JTA platform available (set 'hibernate.transaction.jta.platform' to enable JTA platform integration)
[2024-09-02 13:55:34.122]  INFO 13292 --- [  restartedMain] j.LocalContainerEntityManagerFactoryBean : Initialized JPA EntityManagerFactory for persistence unit 'default'
[2024-09-02 13:55:35.100]  WARN 13292 --- [  restartedMain] JpaBaseConfiguration$JpaWebConfiguration : spring.jpa.open-in-view is enabled by default. Therefore, database queries may be performed during view rendering. Explicitly configure spring.jpa.open-in-view to disable this warning
[2024-09-02 13:55:37.564]  INFO 13292 --- [  restartedMain] o.s.b.d.a.OptionalLiveReloadServer       : LiveReload server is running on port 35729
[2024-09-02 13:55:37.609]  INFO 13292 --- [  restartedMain] o.a.c.h.Http11NioProtocol                : Starting ProtocolHandler ["http-nio-8080"]
[2024-09-02 13:55:37.664]  INFO 13292 --- [  restartedMain] o.s.b.w.e.t.TomcatWebServer              : Tomcat started on port 8080 (http) with context path ''
[2024-09-02 13:55:37.691]  INFO 13292 --- [  restartedMain] c.l.p.PrivacyCenterApplication           : Started PrivacyCenterApplication in 16.015 seconds (process running for 18.182)
